{"contracts/bytes32vsStringExample.sol":{"l":{"8":0,"12":0},"path":"/home/farin/SolMutator/contracts/bytes32vsStringExample.sol","s":{"1":0,"2":0},"b":{},"f":{"1":0,"2":0},"fnMap":{"1":{"name":"setBytes32Text","line":7,"loc":{"start":{"line":7,"column":4},"end":{"line":9,"column":4}}},"2":{"name":"setStringText","line":11,"loc":{"start":{"line":11,"column":4},"end":{"line":13,"column":4}}}},"statementMap":{"1":{"start":{"line":8,"column":8},"end":{"line":8,"column":46}},"2":{"start":{"line":12,"column":8},"end":{"line":12,"column":42}}},"branchMap":{}},"contracts/checkedExample.sol":{"l":{"8":0,"16":0,"17":0},"path":"/home/farin/SolMutator/contracts/checkedExample.sol","s":{},"b":{},"f":{"1":0,"2":0},"fnMap":{"1":{"name":"increment","line":7,"loc":{"start":{"line":7,"column":4},"end":{"line":9,"column":4}}},"2":{"name":"increment","line":15,"loc":{"start":{"line":15,"column":4},"end":{"line":19,"column":4}}}},"statementMap":{},"branchMap":{}},"contracts/DataLoggingExample.sol":{"l":{"12":0,"15":0,"20":0},"path":"/home/farin/SolMutator/contracts/DataLoggingExample.sol","s":{"1":0,"2":0},"b":{},"f":{"1":0,"2":0},"fnMap":{"1":{"name":"updateValue","line":10,"loc":{"start":{"line":10,"column":4},"end":{"line":16,"column":4}}},"2":{"name":"getStoredValue","line":18,"loc":{"start":{"line":18,"column":4},"end":{"line":21,"column":4}}}},"statementMap":{"1":{"start":{"line":15,"column":8},"end":{"line":15,"column":35}},"2":{"start":{"line":20,"column":8},"end":{"line":20,"column":26}}},"branchMap":{}},"contracts/fixedvsVariableExample.sol":{"l":{"16":0,"21":0,"22":0,"33":0,"38":0},"path":"/home/farin/SolMutator/contracts/fixedvsVariableExample.sol","s":{"1":0,"2":0,"3":0,"4":0},"b":{"1":[0,0]},"f":{"1":0,"2":0,"3":0,"4":0},"fnMap":{"1":{"name":"addToDynamicArray","line":15,"loc":{"start":{"line":15,"column":3},"end":{"line":17,"column":3}}},"2":{"name":"removeFromDynamicArray","line":20,"loc":{"start":{"line":20,"column":3},"end":{"line":23,"column":3}}},"3":{"name":"setFixedSizeString","line":32,"loc":{"start":{"line":32,"column":3},"end":{"line":34,"column":3}}},"4":{"name":"setDynamicString","line":37,"loc":{"start":{"line":37,"column":3},"end":{"line":39,"column":3}}}},"statementMap":{"1":{"start":{"line":16,"column":7},"end":{"line":16,"column":33}},"2":{"start":{"line":21,"column":7},"end":{"line":21,"column":56}},"3":{"start":{"line":22,"column":7},"end":{"line":22,"column":24}},"4":{"start":{"line":33,"column":7},"end":{"line":33,"column":45}}},"branchMap":{"1":{"line":21,"type":"if","locations":[{"start":{"line":21,"column":7},"end":{"line":21,"column":7}},{"start":{"line":21,"column":7},"end":{"line":21,"column":7}}]}}},"contracts/inheritenceExample.sol":{"l":{"8":0,"17":0,"27":0,"32":0,"37":0},"path":"/home/farin/SolMutator/contracts/inheritenceExample.sol","s":{"1":0,"2":0},"b":{},"f":{"1":0,"2":0,"3":0,"4":0,"5":0},"fnMap":{"1":{"name":"constructor","line":7,"loc":{"start":{"line":7,"column":3},"end":{"line":9,"column":3}}},"2":{"name":"constructor","line":16,"loc":{"start":{"line":16,"column":3},"end":{"line":18,"column":3}}},"3":{"name":"constructor","line":25,"loc":{"start":{"line":25,"column":3},"end":{"line":28,"column":3}}},"4":{"name":"getParentVar","line":30,"loc":{"start":{"line":30,"column":3},"end":{"line":33,"column":3}}},"5":{"name":"getChildVar","line":35,"loc":{"start":{"line":35,"column":3},"end":{"line":38,"column":3}}}},"statementMap":{"1":{"start":{"line":32,"column":7},"end":{"line":32,"column":33}},"2":{"start":{"line":37,"column":7},"end":{"line":37,"column":32}}},"branchMap":{}},"contracts/Initiazlie&Reinitialize.sol":{"l":{"19":0,"23":0,"27":0,"28":0,"32":0,"33":0,"37":0,"38":0,"42":0,"43":0,"47":0},"path":"/home/farin/SolMutator/contracts/Initiazlie&Reinitialize.sol","s":{},"b":{},"f":{"1":0,"2":0,"3":0,"4":0,"5":0,"6":0,"7":0,"8":0},"fnMap":{"1":{"name":"constructor","line":14,"loc":{"start":{"line":14,"column":4},"end":{"line":16,"column":4}}},"2":{"name":"initializeWithZero","line":18,"loc":{"start":{"line":18,"column":4},"end":{"line":20,"column":4}}},"3":{"name":"initializeWithNonZero","line":22,"loc":{"start":{"line":22,"column":4},"end":{"line":24,"column":4}}},"4":{"name":"reInitializeFromNonZeroToZero","line":26,"loc":{"start":{"line":26,"column":4},"end":{"line":29,"column":4}}},"5":{"name":"reInitializeFromNonZeroToNonZero","line":31,"loc":{"start":{"line":31,"column":4},"end":{"line":34,"column":4}}},"6":{"name":"reInitializeFromZeroToNonZero","line":36,"loc":{"start":{"line":36,"column":4},"end":{"line":39,"column":4}}},"7":{"name":"reInitializeFromZeroToZero","line":41,"loc":{"start":{"line":41,"column":4},"end":{"line":44,"column":4}}},"8":{"name":"setInitializedVar","line":46,"loc":{"start":{"line":46,"column":4},"end":{"line":49,"column":4}}}},"statementMap":{},"branchMap":{}},"contracts/loopingExample.sol":{"l":{"6":0,"9":0,"10":0,"11":0,"13":0,"14":0,"15":0,"22":0,"25":0,"26":0,"27":0,"29":0,"30":0,"31":0,"32":0,"39":0,"42":0,"43":0,"44":0,"47":0,"48":0,"49":0},"path":"/home/farin/SolMutator/contracts/loopingExample.sol","s":{"1":0,"2":0,"3":0,"4":0,"5":0,"6":0,"7":0,"8":0,"9":0,"10":0},"b":{},"f":{"1":0,"2":0,"3":0},"fnMap":{"1":{"name":"loopCheck1","line":5,"loc":{"start":{"line":5,"column":4},"end":{"line":17,"column":4}}},"2":{"name":"loopCheck2","line":21,"loc":{"start":{"line":21,"column":4},"end":{"line":34,"column":4}}},"3":{"name":"loopCheck3","line":38,"loc":{"start":{"line":38,"column":4},"end":{"line":51,"column":4}}}},"statementMap":{"1":{"start":{"line":6,"column":8},"end":{"line":6,"column":52}},"2":{"start":{"line":13,"column":8},"end":{"line":13,"column":37}},"3":{"start":{"line":14,"column":8},"end":{"line":14,"column":394}},"4":{"start":{"line":22,"column":8},"end":{"line":22,"column":52}},"5":{"start":{"line":29,"column":8},"end":{"line":29,"column":14}},"6":{"start":{"line":30,"column":8},"end":{"line":30,"column":37}},"7":{"start":{"line":31,"column":8},"end":{"line":31,"column":819}},"8":{"start":{"line":39,"column":8},"end":{"line":39,"column":52}},"9":{"start":{"line":47,"column":8},"end":{"line":47,"column":37}},"10":{"start":{"line":48,"column":8},"end":{"line":48,"column":1230}}},"branchMap":{}},"contracts/OperatorExample.sol":{"l":{"9":0,"17":0,"24":0,"31":0},"path":"/home/farin/SolMutator/contracts/OperatorExample.sol","s":{},"b":{},"f":{"1":0,"2":0,"3":0,"4":0},"fnMap":{"1":{"name":"increment","line":8,"loc":{"start":{"line":8,"column":4},"end":{"line":10,"column":4}}},"2":{"name":"increment","line":16,"loc":{"start":{"line":16,"column":4},"end":{"line":18,"column":4}}},"3":{"name":"increment","line":23,"loc":{"start":{"line":23,"column":4},"end":{"line":25,"column":4}}},"4":{"name":"increment","line":30,"loc":{"start":{"line":30,"column":4},"end":{"line":32,"column":4}}}},"statementMap":{},"branchMap":{}},"contracts/refundsExample.sol":{"l":{"12":0,"13":0,"17":0,"26":0,"28":0},"path":"/home/farin/SolMutator/contracts/refundsExample.sol","s":{"1":0,"2":0},"b":{"1":[0,0]},"f":{"1":0,"2":0},"fnMap":{"1":{"name":"updateValuesAndFreeStorageSlot","line":10,"loc":{"start":{"line":10,"column":3},"end":{"line":21,"column":3}}},"2":{"name":"destroyContract","line":24,"loc":{"start":{"line":24,"column":3},"end":{"line":29,"column":3}}}},"statementMap":{"1":{"start":{"line":26,"column":7},"end":{"line":26,"column":83}},"2":{"start":{"line":28,"column":8},"end":{"line":28,"column":40}}},"branchMap":{"1":{"line":26,"type":"if","locations":[{"start":{"line":26,"column":7},"end":{"line":26,"column":7}},{"start":{"line":26,"column":7},"end":{"line":26,"column":7}}]}}},"contracts/returnValueExample.sol":{"l":{"7":0,"16":0},"path":"/home/farin/SolMutator/contracts/returnValueExample.sol","s":{"1":0},"b":{},"f":{"1":0,"2":0},"fnMap":{"1":{"name":"calculateProduct","line":5,"loc":{"start":{"line":5,"column":4},"end":{"line":8,"column":4}}},"2":{"name":"calculateProduct","line":12,"loc":{"start":{"line":12,"column":4},"end":{"line":18,"column":0}}}},"statementMap":{"1":{"start":{"line":7,"column":8},"end":{"line":7,"column":20}}},"branchMap":{}},"contracts/uint8VSuint256.sol":{"l":{"9":0,"13":0,"17":0,"18":0,"23":0,"24":0},"path":"/home/farin/SolMutator/contracts/uint8VSuint256.sol","s":{"1":0,"2":0},"b":{},"f":{"1":0,"2":0,"3":0,"4":0},"fnMap":{"1":{"name":"setUint8Value","line":8,"loc":{"start":{"line":8,"column":4},"end":{"line":10,"column":4}}},"2":{"name":"setUint256Value","line":12,"loc":{"start":{"line":12,"column":4},"end":{"line":14,"column":4}}},"3":{"name":"loopWithUint8","line":16,"loc":{"start":{"line":16,"column":4},"end":{"line":20,"column":4}}},"4":{"name":"loopWithUint256","line":22,"loc":{"start":{"line":22,"column":4},"end":{"line":26,"column":4}}}},"statementMap":{"1":{"start":{"line":17,"column":8},"end":{"line":17,"column":400}},"2":{"start":{"line":23,"column":8},"end":{"line":23,"column":553}}},"branchMap":{}}}