{"contracts/Example.sol":{"l":{"8":0,"9":0,"13":0},"path":"/home/farin/SolMutator/contracts/Example.sol","s":{"1":0},"b":{"1":[0,0]},"f":{"1":0,"2":0},"fnMap":{"1":{"name":"setValue","line":7,"loc":{"start":{"line":7,"column":4},"end":{"line":10,"column":4}}},"2":{"name":"resetValue","line":12,"loc":{"start":{"line":12,"column":4},"end":{"line":14,"column":4}}}},"statementMap":{"1":{"start":{"line":8,"column":8},"end":{"line":8,"column":58}}},"branchMap":{"1":{"line":8,"type":"if","locations":[{"start":{"line":8,"column":8},"end":{"line":8,"column":8}},{"start":{"line":8,"column":8},"end":{"line":8,"column":8}}]}}},"contracts/SimpleContract.sol":{"l":{"15":0,"16":0,"20":0,"21":0,"22":0,"23":0,"24":0,"28":0,"29":0,"33":0,"34":0,"36":0,"41":0,"45":0,"46":0,"50":0},"path":"/home/farin/SolMutator/contracts/SimpleContract.sol","s":{"1":0,"2":0,"3":0,"4":0,"5":0,"6":0},"b":{"1":[0,0],"2":[0,0],"3":[0,0],"4":[0,0],"5":[0,0],"6":[0,0]},"f":{"1":0,"2":0,"3":0,"4":0,"5":0,"6":0,"7":0},"fnMap":{"1":{"name":"onlyOwner","line":14,"loc":{"start":{"line":14,"column":4},"end":{"line":17,"column":4}}},"2":{"name":"constructor","line":19,"loc":{"start":{"line":19,"column":4},"end":{"line":25,"column":4}}},"3":{"name":"setValue","line":27,"loc":{"start":{"line":27,"column":4},"end":{"line":30,"column":4}}},"4":{"name":"toggleStatus","line":32,"loc":{"start":{"line":32,"column":4},"end":{"line":38,"column":4}}},"5":{"name":"updateMessage","line":40,"loc":{"start":{"line":40,"column":4},"end":{"line":42,"column":4}}},"6":{"name":"transferEther","line":44,"loc":{"start":{"line":44,"column":4},"end":{"line":47,"column":4}}},"7":{"name":"selfDestruct","line":49,"loc":{"start":{"line":49,"column":4},"end":{"line":51,"column":4}}}},"statementMap":{"1":{"start":{"line":15,"column":8},"end":{"line":15,"column":52}},"2":{"start":{"line":28,"column":8},"end":{"line":28,"column":58}},"3":{"start":{"line":33,"column":8},"end":{"line":33,"column":785}},"4":{"start":{"line":45,"column":8},"end":{"line":45,"column":46}},"5":{"start":{"line":46,"column":8},"end":{"line":46,"column":36}},"6":{"start":{"line":50,"column":8},"end":{"line":50,"column":35}}},"branchMap":{"1":{"line":15,"type":"if","locations":[{"start":{"line":15,"column":8},"end":{"line":15,"column":8}},{"start":{"line":15,"column":8},"end":{"line":15,"column":8}}]},"2":{"line":27,"type":"if","locations":[{"start":{"line":27,"column":45},"end":{"line":27,"column":45}},{"start":{"line":27,"column":45},"end":{"line":27,"column":45}}]},"3":{"line":28,"type":"if","locations":[{"start":{"line":28,"column":8},"end":{"line":28,"column":8}},{"start":{"line":28,"column":8},"end":{"line":28,"column":8}}]},"4":{"line":33,"type":"if","locations":[{"start":{"line":33,"column":8},"end":{"line":33,"column":8}},{"start":{"line":33,"column":8},"end":{"line":33,"column":8}}]},"5":{"line":45,"type":"if","locations":[{"start":{"line":45,"column":8},"end":{"line":45,"column":8}},{"start":{"line":45,"column":8},"end":{"line":45,"column":8}}]},"6":{"line":49,"type":"if","locations":[{"start":{"line":49,"column":35},"end":{"line":49,"column":35}},{"start":{"line":49,"column":35},"end":{"line":49,"column":35}}]}}}}